<?xml version="1.0" encoding="UTF-8"?>
<!-- Generated by org.testng.reporters.JUnitXMLReporter -->
<testsuite ignored="0" hostname="DESKTOP-QMSQO3B" failures="0" tests="3" name="Default test" time="18.91" errors="0" timestamp="2021-12-02T10:45:14 IST">
  <testcase classname="com.nxtgenai.testcases.RegisterUser" name="launchApplication" time="14.925"/>
  <testcase classname="com.nxtgenai.testcases.RegisterUser" name="registerUser" time="3.519"/>
  <testcase classname="com.nxtgenai.testcases.RegisterUser" name="closeApplication" time="0.352"/>
</testsuite> <!-- Default test -->
