<?xml version="1.0" encoding="UTF-8"?>
<!-- Generated by org.testng.reporters.JUnitXMLReporter -->
<testsuite ignored="0" hostname="DESKTOP-QMSQO3B" failures="0" tests="3" name="Test" time="16.274" errors="0" timestamp="2021-12-02T10:49:24 IST">
  <testcase classname="com.nxtgenai.testcases.RegisterUser" name="launchApplication" time="12.322"/>
  <testcase classname="com.nxtgenai.testcases.RegisterUser" name="registerUser" time="3.535"/>
  <testcase classname="com.nxtgenai.testcases.RegisterUser" name="closeApplication" time="0.305"/>
</testsuite> <!-- Test -->
